C51 COMPILER V9.00   ADC                                                                   09/01/2016 13:26:56 PAGE 1   


C51 COMPILER V9.00, COMPILATION OF MODULE ADC
OBJECT MODULE PLACED IN .\Output\adc.obj
COMPILER INVOKED BY: d:\Keil\C51\BIN\C51.EXE Driver\src\adc.c LARGE BROWSE INCDIR(.\Common\inc;.\Driver\inc;.\BSP;.\Appc
                    -ode;.\Startup) DEBUG OBJECTEXTEND PRINT(.\Listing\adc.lst) OBJECT(.\Output\adc.obj)

line level    source

   1          
   2          #include "adc.h"
   3          #include "delay.h"
   4          #include "intrins.h"
   5          
   6          void ADCInit()
   7          {
   8   1              P1ASF|=0x3C;      //设置P1.2-P1.5为AD口
   9   1              ADC_RES=0;        //清除结果寄存器
  10   1              ADC_CONTR = ADC_POWER | ADC_SPEEDLL;    //20M/540=37kHz转换速度
  11   1      
  12   1              Delaynms(10); //适当延时
  13   1      }
  14          
  15          /*----------------------------
  16          读取ADC结果
  17          ----------------------------*/
  18          unsigned char GetADCResult(unsigned char ch)
  19          {
  20   1          ADC_CONTR = ADC_POWER | ADC_SPEEDLL | ch | ADC_START;
  21   1          _nop_();                        //等待4个NOP
  22   1          _nop_();
  23   1          _nop_();
  24   1          _nop_();
  25   1          while (!(ADC_CONTR & ADC_FLAG));//等待ADC转换完成
  26   1          ADC_CONTR &= ~ADC_FLAG;         //Close ADC
  27   1      
  28   1          return ADC_RES;                 //返回ADC结果
  29   1      }


MODULE INFORMATION:   STATIC OVERLAYABLE
   CODE SIZE        =     35    ----
   CONSTANT SIZE    =   ----    ----
   XDATA SIZE       =   ----    ----
   PDATA SIZE       =   ----    ----
   DATA SIZE        =   ----    ----
   IDATA SIZE       =   ----    ----
   BIT SIZE         =   ----    ----
END OF MODULE INFORMATION.


C51 COMPILATION COMPLETE.  0 WARNING(S),  0 ERROR(S)
