C51 COMPILER V9.00   ISR                                                                   09/01/2016 13:26:55 PAGE 1   


C51 COMPILER V9.00, COMPILATION OF MODULE ISR
OBJECT MODULE PLACED IN .\Output\isr.obj
COMPILER INVOKED BY: d:\Keil\C51\BIN\C51.EXE Appcode\isr.c LARGE BROWSE INCDIR(.\Common\inc;.\Driver\inc;.\BSP;.\Appcode
                    -;.\Startup) DEBUG OBJECTEXTEND PRINT(.\Listing\isr.lst) OBJECT(.\Output\isr.obj)

line level    source

   1          /********************************************************************
   2          作者：Songyimiao
   3          建立日期: 20151129
   4          版本：V2.0
   5          喵呜实验室版权所有
   6          /********************************************************************/
   7          #include "includes.h"
   8          
   9          /***************************************************************
  10          ** 作　  者: Songyimiao
  11          ** 官    网：http://www.miaowlabs.com
  12          ** 淘    宝：http://miaowlabs.taobao.com
  13          ** 日　  期: 2015年11月29日
  14          ** 函数名称: Timer1_Update
  15          ** 功能描述: 125hz中断服务函数            
  16          ** 输　  入:   
  17          ** 输　  出:   
  18          ** 备    注: 
  19          ********************喵呜实验室版权所有**************************
  20          ***************************************************************/
  21          void Timer1_Update(void) interrupt  3           //125hz
  22          { 
  23   1              
  24   1              
  25   1      }
  26          
  27          void Timer0_Update(void) interrupt  1
  28          {
  29   1          
  30   1      //      g_ucSpeedCountCarry++;
  31   1      //      LED2=~LED2;
  32   1      }
  33                                           


MODULE INFORMATION:   STATIC OVERLAYABLE
   CODE SIZE        =      2    ----
   CONSTANT SIZE    =   ----    ----
   XDATA SIZE       =   ----    ----
   PDATA SIZE       =   ----    ----
   DATA SIZE        =   ----    ----
   IDATA SIZE       =   ----    ----
   BIT SIZE         =   ----    ----
END OF MODULE INFORMATION.


C51 COMPILATION COMPLETE.  0 WARNING(S),  0 ERROR(S)
