C51 COMPILER V9.00   LED                                                                   09/01/2016 13:26:56 PAGE 1   


C51 COMPILER V9.00, COMPILATION OF MODULE LED
OBJECT MODULE PLACED IN .\Output\led.obj
COMPILER INVOKED BY: d:\Keil\C51\BIN\C51.EXE Common\src\led.c LARGE BROWSE INCDIR(.\Common\inc;.\Driver\inc;.\BSP;.\Appc
                    -ode;.\Startup) DEBUG OBJECTEXTEND PRINT(.\Listing\led.lst) OBJECT(.\Output\led.obj)

line level    source

   1          /********************************************************************
   2          作者：Songyimiao
   3          建立日期: 20151129
   4          版本：V2.0
   5          喵呜实验室版权所有
   6          /********************************************************************/ 
   7          #include "led.h"
   8          
   9          
  10          void LEDInit(void)
  11          {
  12   1              ON_LED1;
  13   1      
  14   1      }
  15          


MODULE INFORMATION:   STATIC OVERLAYABLE
   CODE SIZE        =      3    ----
   CONSTANT SIZE    =   ----    ----
   XDATA SIZE       =   ----    ----
   PDATA SIZE       =   ----    ----
   DATA SIZE        =   ----    ----
   IDATA SIZE       =   ----    ----
   BIT SIZE         =   ----    ----
END OF MODULE INFORMATION.


C51 COMPILATION COMPLETE.  0 WARNING(S),  0 ERROR(S)
