C51 COMPILER V9.00   TIMER                                                                 12/09/2016 18:46:16 PAGE 1   


C51 COMPILER V9.00, COMPILATION OF MODULE TIMER
OBJECT MODULE PLACED IN .\Output\timer.obj
COMPILER INVOKED BY: D:\KeilC51\C51\BIN\C51.EXE Driver\src\timer.c LARGE BROWSE INCDIR(.\Common\inc;.\Driver\inc;.\BSP;.
                    -\Appcode;.\Startup) DEBUG OBJECTEXTEND PRINT(.\Listing\timer.lst) OBJECT(.\Output\timer.obj)

line level    source

   1          
   2          #include "timer.h"
   3          
   4          
   5          /***************************************************************
   6          ** 函数名称: Timer1Init
   7          ** 功能描述: 定时器1初始化函数
   8          ** 输　入:   
   9          ** 输　出:   
  10          ** 全局变量: 
  11          ** 作　者:   喵呜实验室
  12          ** 淘  宝：  Http://miaowlabs.taobao.com
  13          ** 日　期:   2014年08月01日
  14          ***************************************************************/
  15          void Timer1Init(void)   //10毫秒@20.000MHz
  16          {
  17   1              AUXR &= 0xBF;           //定时器时钟12T模式
  18   1              TMOD &= 0x0F;           //设置定时器模式
  19   1              TL1 = 0xE5;             //设置定时初值
  20   1              TH1 = 0xBE;             //设置定时初值
  21   1              TF1 = 0;                        //清除TF1标志
  22   1              TR1 = 1;                        //定时器1开始计时
  23   1              ET1 = 1;                //允许定时器T1中断        
  24   1      }
  25          
  26          
  27          
  28          
  29          


MODULE INFORMATION:   STATIC OVERLAYABLE
   CODE SIZE        =     19    ----
   CONSTANT SIZE    =   ----    ----
   XDATA SIZE       =   ----    ----
   PDATA SIZE       =   ----    ----
   DATA SIZE        =   ----    ----
   IDATA SIZE       =   ----    ----
   BIT SIZE         =   ----    ----
END OF MODULE INFORMATION.


C51 COMPILATION COMPLETE.  0 WARNING(S),  0 ERROR(S)
