C51 COMPILER V9.00   UART                                                                  12/12/2016 14:51:46 PAGE 1   


C51 COMPILER V9.00, COMPILATION OF MODULE UART
OBJECT MODULE PLACED IN .\Output\uart.obj
COMPILER INVOKED BY: D:\KeilC51\C51\BIN\C51.EXE Driver\src\uart.c LARGE BROWSE INCDIR(.\Common\inc;.\Driver\inc;.\BSP;.\
                    -Appcode;.\Startup) DEBUG OBJECTEXTEND PRINT(.\Listing\uart.lst) OBJECT(.\Output\uart.obj)

line level    source

   1          
   2          #include <uart.h>   
   3          
   4          /***************************************************************
   5          ** 函数名称: Uart1Init
   6          ** 功能描述: UART1初始化函数
   7          ** 输　入:   
   8          ** 输　出:   
   9          ** 全局变量: 
  10          ** 作　者:   喵呜实验室
  11          ** 淘  宝：  Http://miaowlabs.taobao.com
  12          ** 日　期:   2014年08月01日
  13          ***************************************************************/
  14          void Uart1Init(void)            //115200bps@20.000MHz
  15          {
  16   1              SCON = 0x50;            //8位数据,可变波特率
  17   1              AUXR |= 0x04;           //定时器2时钟为Fosc,即1T
  18   1      //      T2L = 0xF7;                     //设定定时初值
  19   1      //      T2H = 0xFD;                     //设定定时初值
  20   1              T2L = 0xD5;                     //设定定时初值
  21   1              T2H = 0xFF;                     //设定定时初值
  22   1              AUXR |= 0x01;           //串口1选择定时器2为波特率发生器
  23   1              AUXR |= 0x10;           //启动定时器2
  24   1      //      TI = 1;
  25   1      }
  26          /***************************************************************
  27          ** 函数名称: UART1ReceiveByte
  28          ** 功能描述: UART1接收函数
  29          ** 输　入:   
  30          ** 输　出:   
  31          ** 全局变量: 
  32          ** 作　者:   喵呜实验室
  33          ** 淘  宝：  Http://miaowlabs.taobao.com
  34          ** 日　期:   2014年08月01日
  35          ***************************************************************/
  36          unsigned char UART1ReceiveByte(void)
  37          {
  38   1          unsigned char xdata ucRxd1; 
  39   1      
  40   1              while(RI==0);
  41   1              RI = 0;
  42   1              ucRxd1 = SBUF;
  43   1              return(ucRxd1);
  44   1      }
  45          
  46          /***************************************************************
  47          ** 函数名称: UART1SendByte
  48          ** 功能描述: UART1发送函数
  49          ** 输　入:   
  50          ** 输　出:   
  51          ** 全局变量: 
  52          ** 作　者:   喵呜实验室
  53          ** 淘  宝：  Http://miaowlabs.taobao.com
  54          ** 日　期:   2014年08月01日
C51 COMPILER V9.00   UART                                                                  12/12/2016 14:51:46 PAGE 2   

  55          ***************************************************************/
  56          void UART1SendByte(unsigned char TxD1)  
  57          {   
  58   1          SBUF=TxD1;  
  59   1          while(TI == 0);//等待发送完成 
  60   1          //while(!TI);//等待发送完成 
  61   1          TI=0;   
  62   1      }  
  63          


MODULE INFORMATION:   STATIC OVERLAYABLE
   CODE SIZE        =     35    ----
   CONSTANT SIZE    =   ----    ----
   XDATA SIZE       =   ----    ----
   PDATA SIZE       =   ----    ----
   DATA SIZE        =   ----    ----
   IDATA SIZE       =   ----    ----
   BIT SIZE         =   ----    ----
END OF MODULE INFORMATION.


C51 COMPILATION COMPLETE.  0 WARNING(S),  0 ERROR(S)
